INFO 2024-07-05 13:49:28,347 autoreload 8012 15488 Watching for file changes with StatReloader
WARNING 2024-07-05 13:49:33,273 log 8012 2072 Not Found: /
WARNING 2024-07-05 13:49:33,275 basehttp 8012 2072 "GET / HTTP/1.1" 404 2379
WARNING 2024-07-05 13:49:33,494 log 8012 2072 Not Found: /favicon.ico
WARNING 2024-07-05 13:49:33,496 basehttp 8012 2072 "GET /favicon.ico HTTP/1.1" 404 2430
INFO 2024-07-05 13:49:47,723 basehttp 8012 2072 "GET /market/item HTTP/1.1" 301 0
INFO 2024-07-05 13:49:47,940 basehttp 8012 14144 "GET /market/item/ HTTP/1.1" 200 1337
INFO 2024-07-05 13:49:57,239 basehttp 8012 14144 "GET /admin HTTP/1.1" 301 0
INFO 2024-07-05 13:49:57,381 basehttp 8012 15192 "GET /admin/ HTTP/1.1" 302 0
INFO 2024-07-05 13:49:57,712 basehttp 8012 15192 "GET /admin/login/?next=/admin/ HTTP/1.1" 200 4158
INFO 2024-07-05 13:49:58,372 basehttp 8012 15192 "GET /static/admin/css/base.css HTTP/1.1" 200 21544
INFO 2024-07-05 13:49:58,401 basehttp 8012 3672 "GET /static/admin/css/login.css HTTP/1.1" 200 958
INFO 2024-07-05 13:49:58,404 basehttp 8012 11776 "GET /static/admin/css/dark_mode.css HTTP/1.1" 200 2682
INFO 2024-07-05 13:49:58,475 basehttp 8012 14316 "GET /static/admin/css/responsive.css HTTP/1.1" 200 17905
INFO 2024-07-05 13:49:58,499 basehttp 8012 6960 "GET /static/admin/css/nav_sidebar.css HTTP/1.1" 200 2810
INFO 2024-07-05 13:49:58,580 basehttp 8012 11776 "GET /static/admin/js/nav_sidebar.js HTTP/1.1" 200 3063
INFO 2024-07-05 13:49:58,583 basehttp 8012 15192 "GET /static/admin/js/theme.js HTTP/1.1" 200 1943
INFO 2024-07-05 13:55:22,426 autoreload 15016 15980 Watching for file changes with StatReloader
INFO 2024-07-05 13:55:38,396 basehttp 15016 1352 "POST /admin/login/?next=/admin/ HTTP/1.1" 302 0
WARNING 2024-07-05 13:55:38,562 log 15016 13108 Forbidden (CSRF token from POST incorrect.): /admin/login/
WARNING 2024-07-05 13:55:38,564 basehttp 15016 13108 "POST /admin/login/?next=/admin/ HTTP/1.1" 403 2559
INFO 2024-07-05 13:55:38,797 basehttp 15016 1352 "GET /admin/ HTTP/1.1" 200 5944
INFO 2024-07-05 13:55:49,586 basehttp 15016 13108 "GET /admin/login/?next=/admin/ HTTP/1.1" 302 0
INFO 2024-07-05 13:55:49,624 basehttp 15016 13108 "GET /admin/ HTTP/1.1" 200 5944
INFO 2024-07-05 13:55:49,830 basehttp 15016 13108 "GET /static/admin/css/dashboard.css HTTP/1.1" 200 441
INFO 2024-07-05 13:55:49,891 basehttp 15016 13732 "GET /static/admin/img/icon-changelink.svg HTTP/1.1" 200 380
INFO 2024-07-05 13:55:49,892 basehttp 15016 13108 "GET /static/admin/img/icon-addlink.svg HTTP/1.1" 200 331
INFO 2024-07-05 13:57:50,657 autoreload 15016 15980 D:\My\Book\PyFolder\gb_django\myproject\marketapp\admin.py changed, reloading.
INFO 2024-07-05 13:57:51,794 autoreload 6892 6828 Watching for file changes with StatReloader
INFO 2024-07-05 13:57:55,381 basehttp 6892 12168 "GET /admin/ HTTP/1.1" 200 7526
INFO 2024-07-05 13:57:58,956 basehttp 6892 12168 "GET /admin/marketapp/order/ HTTP/1.1" 200 8563
INFO 2024-07-05 13:57:59,111 basehttp 6892 7152 "GET /admin/jsi18n/ HTTP/1.1" 200 17546
INFO 2024-07-05 13:57:59,310 basehttp 6892 12168 "GET /static/admin/css/changelists.css HTTP/1.1" 200 6811
INFO 2024-07-05 13:57:59,318 basehttp 6892 7152 "GET /static/admin/js/actions.js HTTP/1.1" 200 8067
INFO 2024-07-05 13:57:59,451 basehttp 6892 12168 "GET /static/admin/js/urlify.js HTTP/1.1" 200 7887
INFO 2024-07-05 13:57:59,455 basehttp 6892 7152 "GET /static/admin/js/prepopulate.js HTTP/1.1" 200 1531
INFO 2024-07-05 13:57:59,551 basehttp 6892 9460 "GET /static/admin/js/admin/RelatedObjectLookups.js HTTP/1.1" 200 9042
INFO 2024-07-05 13:57:59,565 basehttp 6892 14056 "GET /static/admin/js/core.js HTTP/1.1" 200 6208
INFO 2024-07-05 13:57:59,587 basehttp 6892 11188 "GET /static/admin/js/jquery.init.js HTTP/1.1" 200 347
INFO 2024-07-05 13:57:59,613 basehttp 6892 7152 "GET /static/admin/js/vendor/xregexp/xregexp.js HTTP/1.1" 200 325171
INFO 2024-07-05 13:57:59,620 basehttp 6892 15280 "GET /static/admin/js/vendor/jquery/jquery.js HTTP/1.1" 200 285314
INFO 2024-07-05 13:57:59,907 basehttp 6892 15280 "GET /static/admin/js/filters.js HTTP/1.1" 200 978
INFO 2024-07-05 13:58:00,008 basehttp 6892 7152 "GET /static/admin/img/tooltag-add.svg HTTP/1.1" 200 331
INFO 2024-07-05 13:58:03,441 basehttp 6892 7152 "GET /admin/marketapp/user/ HTTP/1.1" 200 8556
INFO 2024-07-05 13:58:03,510 basehttp 6892 7152 "GET /admin/jsi18n/ HTTP/1.1" 200 17546
INFO 2024-07-05 13:58:04,885 basehttp 6892 7152 "GET /admin/marketapp/item/ HTTP/1.1" 200 8556
INFO 2024-07-05 13:58:04,944 basehttp 6892 7152 "GET /admin/jsi18n/ HTTP/1.1" 200 17546
INFO 2024-07-05 14:04:03,008 basehttp 6892 11304 "GET /admin/marketapp/ HTTP/1.1" 200 6317
INFO 2024-07-05 14:04:06,552 basehttp 6892 11304 "GET /admin/ HTTP/1.1" 200 7526
INFO 2024-07-05 14:08:08,376 autoreload 15780 9616 Watching for file changes with StatReloader
INFO 2024-07-05 14:08:11,713 basehttp 15780 12028 "GET /admin/ HTTP/1.1" 200 7526
INFO 2024-07-05 14:08:13,734 basehttp 15780 12028 "GET /admin/marketapp/item/ HTTP/1.1" 200 13982
INFO 2024-07-05 14:08:13,830 basehttp 15780 12028 "GET /admin/jsi18n/ HTTP/1.1" 200 17546
INFO 2024-07-05 14:12:11,149 autoreload 15780 9616 D:\My\Book\PyFolder\gb_django\myproject\marketapp\admin.py changed, reloading.
INFO 2024-07-05 14:12:13,001 autoreload 10784 11540 Watching for file changes with StatReloader
INFO 2024-07-05 14:12:18,872 basehttp 10784 9116 "GET /admin/marketapp/item/ HTTP/1.1" 200 13982
INFO 2024-07-05 14:12:18,935 basehttp 10784 9116 "GET /admin/jsi18n/ HTTP/1.1" 200 17546
INFO 2024-07-05 14:12:20,457 basehttp 10784 9116 "GET /admin/marketapp/user/ HTTP/1.1" 200 14302
INFO 2024-07-05 14:12:20,517 basehttp 10784 9116 "GET /admin/jsi18n/ HTTP/1.1" 200 17546
INFO 2024-07-05 14:12:55,090 autoreload 10784 11540 D:\My\Book\PyFolder\gb_django\myproject\marketapp\admin.py changed, reloading.
INFO 2024-07-05 14:12:56,490 autoreload 15568 11424 Watching for file changes with StatReloader
INFO 2024-07-05 14:13:07,983 basehttp 15568 11784 "GET /admin/marketapp/user/ HTTP/1.1" 200 14302
INFO 2024-07-05 14:13:08,051 basehttp 15568 11784 "GET /admin/jsi18n/ HTTP/1.1" 200 17546
INFO 2024-07-05 14:13:13,098 basehttp 15568 11784 "GET /admin/marketapp/ HTTP/1.1" 200 6317
INFO 2024-07-05 14:13:15,018 basehttp 15568 11784 "GET /admin/marketapp/ HTTP/1.1" 200 6317
INFO 2024-07-05 14:13:18,539 basehttp 15568 11784 "GET /admin/marketapp/user/ HTTP/1.1" 200 14302
INFO 2024-07-05 14:13:18,603 basehttp 15568 11784 "GET /admin/jsi18n/ HTTP/1.1" 200 17546
INFO 2024-07-05 14:13:23,672 basehttp 15568 11784 "GET /admin/marketapp/user/11/change/ HTTP/1.1" 200 11682
INFO 2024-07-05 14:13:23,808 basehttp 15568 864 "GET /admin/jsi18n/ HTTP/1.1" 200 17546
INFO 2024-07-05 14:13:23,957 basehttp 15568 11736 "GET /static/admin/js/prepopulate_init.js HTTP/1.1" 200 586
INFO 2024-07-05 14:13:23,973 basehttp 15568 11784 "GET /static/admin/css/forms.css HTTP/1.1" 200 9090
INFO 2024-07-05 14:13:23,982 basehttp 15568 11736 "GET /static/admin/js/change_form.js HTTP/1.1" 200 606
INFO 2024-07-05 14:13:24,049 basehttp 15568 11736 "GET /static/admin/css/widgets.css HTTP/1.1" 200 11800
INFO 2024-07-05 14:14:24,615 autoreload 15568 11424 D:\My\Book\PyFolder\gb_django\myproject\marketapp\admin.py changed, reloading.
INFO 2024-07-05 14:14:26,016 autoreload 4356 11612 Watching for file changes with StatReloader
INFO 2024-07-05 14:14:27,366 basehttp 4356 5052 "GET /admin/marketapp/user/ HTTP/1.1" 200 15724
INFO 2024-07-05 14:14:27,441 basehttp 4356 5052 "GET /admin/jsi18n/ HTTP/1.1" 200 17546
INFO 2024-07-05 14:19:08,654 autoreload 4356 11612 D:\My\Book\PyFolder\gb_django\myproject\marketapp\admin.py changed, reloading.
INFO 2024-07-05 14:19:10,536 autoreload 10452 5928 Watching for file changes with StatReloader
INFO 2024-07-05 14:19:14,813 basehttp 10452 13072 "GET /admin/marketapp/user/ HTTP/1.1" 200 17459
INFO 2024-07-05 14:19:14,896 basehttp 10452 2600 "GET /admin/jsi18n/ HTTP/1.1" 200 17546
INFO 2024-07-05 14:19:15,172 basehttp 10452 13072 "GET /static/admin/img/search.svg HTTP/1.1" 200 458
INFO 2024-07-05 14:19:15,226 basehttp 10452 15432 "GET /static/admin/img/icon-viewlink.svg HTTP/1.1" 200 581
INFO 2024-07-05 14:19:15,252 basehttp 10452 2600 "GET /static/admin/img/sorting-icons.svg HTTP/1.1" 200 1097
INFO 2024-07-05 14:19:22,667 basehttp 10452 2600 "GET /admin/marketapp/user/?q=2 HTTP/1.1" 200 12644
INFO 2024-07-05 14:19:22,793 basehttp 10452 2600 "GET /admin/jsi18n/ HTTP/1.1" 200 17546
INFO 2024-07-05 14:19:28,870 basehttp 10452 2600 "GET /admin/marketapp/user/?q= HTTP/1.1" 200 17844
INFO 2024-07-05 14:19:28,951 basehttp 10452 2600 "GET /admin/jsi18n/ HTTP/1.1" 200 17546
INFO 2024-07-05 14:23:37,411 basehttp 10452 2600 "GET /admin/marketapp/user/1/change/?_changelist_filters=q%3D HTTP/1.1" 200 11756
INFO 2024-07-05 14:23:37,491 basehttp 10452 2600 "GET /admin/jsi18n/ HTTP/1.1" 200 17546
INFO 2024-07-05 14:25:32,879 autoreload 10452 5928 D:\My\Book\PyFolder\gb_django\myproject\marketapp\admin.py changed, reloading.
INFO 2024-07-05 14:25:33,836 autoreload 15648 11720 Watching for file changes with StatReloader
INFO 2024-07-05 14:25:51,862 autoreload 15648 11720 D:\My\Book\PyFolder\gb_django\myproject\marketapp\admin.py changed, reloading.
INFO 2024-07-05 14:25:52,691 autoreload 9684 15588 Watching for file changes with StatReloader
INFO 2024-07-05 14:26:15,096 basehttp 9684 4720 "GET /admin/marketapp/user/ HTTP/1.1" 200 17524
INFO 2024-07-05 14:26:15,154 basehttp 9684 4720 "GET /admin/jsi18n/ HTTP/1.1" 200 17546
INFO 2024-07-05 14:26:28,935 basehttp 9684 4720 "POST /admin/marketapp/user/ HTTP/1.1" 302 0
INFO 2024-07-05 14:26:28,977 basehttp 9684 4720 "GET /admin/marketapp/user/ HTTP/1.1" 200 17524
INFO 2024-07-05 14:26:29,023 basehttp 9684 4720 "GET /admin/jsi18n/ HTTP/1.1" 200 17546
INFO 2024-07-05 14:26:30,361 basehttp 9684 4720 "GET /admin/marketapp/user/2/change/ HTTP/1.1" 200 11666
INFO 2024-07-05 14:26:30,418 basehttp 9684 4720 "GET /admin/jsi18n/ HTTP/1.1" 200 17546
INFO 2024-07-05 14:32:25,320 autoreload 9684 15588 D:\My\Book\PyFolder\gb_django\myproject\marketapp\admin.py changed, reloading.
INFO 2024-07-05 14:32:26,203 autoreload 9980 15916 Watching for file changes with StatReloader
INFO 2024-07-05 14:32:36,748 basehttp 9980 12536 "GET /admin/marketapp/item/ HTTP/1.1" 200 16398
INFO 2024-07-05 14:32:36,807 basehttp 9980 12536 "GET /admin/jsi18n/ HTTP/1.1" 200 17546
INFO 2024-07-05 14:33:22,136 autoreload 9980 15916 D:\My\Book\PyFolder\gb_django\myproject\marketapp\admin.py changed, reloading.
INFO 2024-07-05 14:33:23,064 autoreload 10344 11076 Watching for file changes with StatReloader
INFO 2024-07-05 14:33:34,839 basehttp 10344 5524 "GET /admin/marketapp/item/ HTTP/1.1" 200 16408
INFO 2024-07-05 14:33:34,884 basehttp 10344 5524 "GET /admin/jsi18n/ HTTP/1.1" 200 17546
INFO 2024-07-05 14:33:45,179 basehttp 10344 5524 "POST /admin/marketapp/item/ HTTP/1.1" 302 0
INFO 2024-07-05 14:33:45,220 basehttp 10344 5524 "GET /admin/marketapp/item/ HTTP/1.1" 200 16408
INFO 2024-07-05 14:33:45,274 basehttp 10344 5524 "GET /admin/jsi18n/ HTTP/1.1" 200 17546
INFO 2024-07-05 14:33:46,284 basehttp 10344 5524 "GET /admin/marketapp/item/8/change/ HTTP/1.1" 200 12301
INFO 2024-07-05 14:33:46,332 basehttp 10344 5524 "GET /admin/jsi18n/ HTTP/1.1" 200 17546
INFO 2024-07-05 14:36:16,401 autoreload 10344 11076 D:\My\Book\PyFolder\gb_django\myproject\marketapp\admin.py changed, reloading.
INFO 2024-07-05 14:36:17,333 autoreload 3672 11720 Watching for file changes with StatReloader
INFO 2024-07-05 14:36:31,513 basehttp 3672 12656 "GET /admin/marketapp/order/ HTTP/1.1" 200 19548
INFO 2024-07-05 14:36:31,575 basehttp 3672 12656 "GET /admin/jsi18n/ HTTP/1.1" 200 17546
ERROR 2024-07-05 14:36:53,212 log 3672 12656 Internal Server Error: /admin/marketapp/order/
Traceback (most recent call last):
  File "D:\My\Book\PyFolder\gb_django\venv\Lib\site-packages\django\core\handlers\exception.py", line 55, in inner
    response = get_response(request)
               ^^^^^^^^^^^^^^^^^^^^^
  File "D:\My\Book\PyFolder\gb_django\venv\Lib\site-packages\django\core\handlers\base.py", line 197, in _get_response
    response = wrapped_callback(request, *callback_args, **callback_kwargs)
               ^^^^^^^^^^^^^^^^^^^^^^^^^^^^^^^^^^^^^^^^^^^^^^^^^^^^^^^^^^^^
  File "D:\My\Book\PyFolder\gb_django\venv\Lib\site-packages\django\contrib\admin\options.py", line 716, in wrapper
    return self.admin_site.admin_view(view)(*args, **kwargs)
           ^^^^^^^^^^^^^^^^^^^^^^^^^^^^^^^^^^^^^^^^^^^^^^^^^
  File "D:\My\Book\PyFolder\gb_django\venv\Lib\site-packages\django\utils\decorators.py", line 188, in _view_wrapper
    result = _process_exception(request, e)
             ^^^^^^^^^^^^^^^^^^^^^^^^^^^^^^
  File "D:\My\Book\PyFolder\gb_django\venv\Lib\site-packages\django\utils\decorators.py", line 186, in _view_wrapper
    response = view_func(request, *args, **kwargs)
               ^^^^^^^^^^^^^^^^^^^^^^^^^^^^^^^^^^^
  File "D:\My\Book\PyFolder\gb_django\venv\Lib\site-packages\django\views\decorators\cache.py", line 80, in _view_wrapper
    response = view_func(request, *args, **kwargs)
               ^^^^^^^^^^^^^^^^^^^^^^^^^^^^^^^^^^^
  File "D:\My\Book\PyFolder\gb_django\venv\Lib\site-packages\django\contrib\admin\sites.py", line 240, in inner
    return view(request, *args, **kwargs)
           ^^^^^^^^^^^^^^^^^^^^^^^^^^^^^^
  File "D:\My\Book\PyFolder\gb_django\venv\Lib\site-packages\django\utils\decorators.py", line 48, in _wrapper
    return bound_method(*args, **kwargs)
           ^^^^^^^^^^^^^^^^^^^^^^^^^^^^^
  File "D:\My\Book\PyFolder\gb_django\venv\Lib\site-packages\django\utils\decorators.py", line 188, in _view_wrapper
    result = _process_exception(request, e)
             ^^^^^^^^^^^^^^^^^^^^^^^^^^^^^^
  File "D:\My\Book\PyFolder\gb_django\venv\Lib\site-packages\django\utils\decorators.py", line 186, in _view_wrapper
    response = view_func(request, *args, **kwargs)
               ^^^^^^^^^^^^^^^^^^^^^^^^^^^^^^^^^^^
  File "D:\My\Book\PyFolder\gb_django\venv\Lib\site-packages\django\contrib\admin\options.py", line 1985, in changelist_view
    cl = self.get_changelist_instance(request)
         ^^^^^^^^^^^^^^^^^^^^^^^^^^^^^^^^^^^^^
  File "D:\My\Book\PyFolder\gb_django\venv\Lib\site-packages\django\contrib\admin\options.py", line 864, in get_changelist_instance
    return ChangeList(
           ^^^^^^^^^^^
  File "D:\My\Book\PyFolder\gb_django\venv\Lib\site-packages\django\contrib\admin\views\main.py", line 144, in __init__
    self.queryset = self.get_queryset(request)
                    ^^^^^^^^^^^^^^^^^^^^^^^^^^
  File "D:\My\Book\PyFolder\gb_django\venv\Lib\site-packages\django\contrib\admin\views\main.py", line 577, in get_queryset
    qs, search_may_have_duplicates = self.model_admin.get_search_results(
                                     ^^^^^^^^^^^^^^^^^^^^^^^^^^^^^^^^^^^^
  File "D:\My\Book\PyFolder\gb_django\venv\Lib\site-packages\django\contrib\admin\options.py", line 1187, in get_search_results
    queryset = queryset.filter(models.Q.create(term_queries))
               ^^^^^^^^^^^^^^^^^^^^^^^^^^^^^^^^^^^^^^^^^^^^^^
  File "D:\My\Book\PyFolder\gb_django\venv\Lib\site-packages\django\db\models\query.py", line 1476, in filter
    return self._filter_or_exclude(False, args, kwargs)
           ^^^^^^^^^^^^^^^^^^^^^^^^^^^^^^^^^^^^^^^^^^^^
  File "D:\My\Book\PyFolder\gb_django\venv\Lib\site-packages\django\db\models\query.py", line 1494, in _filter_or_exclude
    clone._filter_or_exclude_inplace(negate, args, kwargs)
  File "D:\My\Book\PyFolder\gb_django\venv\Lib\site-packages\django\db\models\query.py", line 1501, in _filter_or_exclude_inplace
    self._query.add_q(Q(*args, **kwargs))
  File "D:\My\Book\PyFolder\gb_django\venv\Lib\site-packages\django\db\models\sql\query.py", line 1613, in add_q
    clause, _ = self._add_q(q_object, self.used_aliases)
                ^^^^^^^^^^^^^^^^^^^^^^^^^^^^^^^^^^^^^^^^
  File "D:\My\Book\PyFolder\gb_django\venv\Lib\site-packages\django\db\models\sql\query.py", line 1645, in _add_q
    child_clause, needed_inner = self.build_filter(
                                 ^^^^^^^^^^^^^^^^^^
  File "D:\My\Book\PyFolder\gb_django\venv\Lib\site-packages\django\db\models\sql\query.py", line 1472, in build_filter
    return self._add_q(
           ^^^^^^^^^^^^
  File "D:\My\Book\PyFolder\gb_django\venv\Lib\site-packages\django\db\models\sql\query.py", line 1645, in _add_q
    child_clause, needed_inner = self.build_filter(
                                 ^^^^^^^^^^^^^^^^^^
  File "D:\My\Book\PyFolder\gb_django\venv\Lib\site-packages\django\db\models\sql\query.py", line 1472, in build_filter
    return self._add_q(
           ^^^^^^^^^^^^
  File "D:\My\Book\PyFolder\gb_django\venv\Lib\site-packages\django\db\models\sql\query.py", line 1645, in _add_q
    child_clause, needed_inner = self.build_filter(
                                 ^^^^^^^^^^^^^^^^^^
  File "D:\My\Book\PyFolder\gb_django\venv\Lib\site-packages\django\db\models\sql\query.py", line 1559, in build_filter
    condition = self.build_lookup(lookups, col, value)
                ^^^^^^^^^^^^^^^^^^^^^^^^^^^^^^^^^^^^^^
  File "D:\My\Book\PyFolder\gb_django\venv\Lib\site-packages\django\db\models\sql\query.py", line 1383, in build_lookup
    lhs = self.try_transform(lhs, lookup_name)
          ^^^^^^^^^^^^^^^^^^^^^^^^^^^^^^^^^^^^
  File "D:\My\Book\PyFolder\gb_django\venv\Lib\site-packages\django\db\models\sql\query.py", line 1427, in try_transform
    raise FieldError(
django.core.exceptions.FieldError: Unsupported lookup 'icontains' for ForeignKey or join on the field not permitted.
ERROR 2024-07-05 14:36:53,247 basehttp 3672 12656 "GET /admin/marketapp/order/?q=7 HTTP/1.1" 500 200694
INFO 2024-07-05 14:36:55,397 basehttp 3672 12656 "GET /admin/marketapp/order/ HTTP/1.1" 200 19548
ERROR 2024-07-05 14:37:02,360 log 3672 12656 Internal Server Error: /admin/marketapp/order/
Traceback (most recent call last):
  File "D:\My\Book\PyFolder\gb_django\venv\Lib\site-packages\django\core\handlers\exception.py", line 55, in inner
    response = get_response(request)
               ^^^^^^^^^^^^^^^^^^^^^
  File "D:\My\Book\PyFolder\gb_django\venv\Lib\site-packages\django\core\handlers\base.py", line 197, in _get_response
    response = wrapped_callback(request, *callback_args, **callback_kwargs)
               ^^^^^^^^^^^^^^^^^^^^^^^^^^^^^^^^^^^^^^^^^^^^^^^^^^^^^^^^^^^^
  File "D:\My\Book\PyFolder\gb_django\venv\Lib\site-packages\django\contrib\admin\options.py", line 716, in wrapper
    return self.admin_site.admin_view(view)(*args, **kwargs)
           ^^^^^^^^^^^^^^^^^^^^^^^^^^^^^^^^^^^^^^^^^^^^^^^^^
  File "D:\My\Book\PyFolder\gb_django\venv\Lib\site-packages\django\utils\decorators.py", line 188, in _view_wrapper
    result = _process_exception(request, e)
             ^^^^^^^^^^^^^^^^^^^^^^^^^^^^^^
  File "D:\My\Book\PyFolder\gb_django\venv\Lib\site-packages\django\utils\decorators.py", line 186, in _view_wrapper
    response = view_func(request, *args, **kwargs)
               ^^^^^^^^^^^^^^^^^^^^^^^^^^^^^^^^^^^
  File "D:\My\Book\PyFolder\gb_django\venv\Lib\site-packages\django\views\decorators\cache.py", line 80, in _view_wrapper
    response = view_func(request, *args, **kwargs)
               ^^^^^^^^^^^^^^^^^^^^^^^^^^^^^^^^^^^
  File "D:\My\Book\PyFolder\gb_django\venv\Lib\site-packages\django\contrib\admin\sites.py", line 240, in inner
    return view(request, *args, **kwargs)
           ^^^^^^^^^^^^^^^^^^^^^^^^^^^^^^
  File "D:\My\Book\PyFolder\gb_django\venv\Lib\site-packages\django\utils\decorators.py", line 48, in _wrapper
    return bound_method(*args, **kwargs)
           ^^^^^^^^^^^^^^^^^^^^^^^^^^^^^
  File "D:\My\Book\PyFolder\gb_django\venv\Lib\site-packages\django\utils\decorators.py", line 188, in _view_wrapper
    result = _process_exception(request, e)
             ^^^^^^^^^^^^^^^^^^^^^^^^^^^^^^
  File "D:\My\Book\PyFolder\gb_django\venv\Lib\site-packages\django\utils\decorators.py", line 186, in _view_wrapper
    response = view_func(request, *args, **kwargs)
               ^^^^^^^^^^^^^^^^^^^^^^^^^^^^^^^^^^^
  File "D:\My\Book\PyFolder\gb_django\venv\Lib\site-packages\django\contrib\admin\options.py", line 1985, in changelist_view
    cl = self.get_changelist_instance(request)
         ^^^^^^^^^^^^^^^^^^^^^^^^^^^^^^^^^^^^^
  File "D:\My\Book\PyFolder\gb_django\venv\Lib\site-packages\django\contrib\admin\options.py", line 864, in get_changelist_instance
    return ChangeList(
           ^^^^^^^^^^^
  File "D:\My\Book\PyFolder\gb_django\venv\Lib\site-packages\django\contrib\admin\views\main.py", line 144, in __init__
    self.queryset = self.get_queryset(request)
                    ^^^^^^^^^^^^^^^^^^^^^^^^^^
  File "D:\My\Book\PyFolder\gb_django\venv\Lib\site-packages\django\contrib\admin\views\main.py", line 577, in get_queryset
    qs, search_may_have_duplicates = self.model_admin.get_search_results(
                                     ^^^^^^^^^^^^^^^^^^^^^^^^^^^^^^^^^^^^
  File "D:\My\Book\PyFolder\gb_django\venv\Lib\site-packages\django\contrib\admin\options.py", line 1187, in get_search_results
    queryset = queryset.filter(models.Q.create(term_queries))
               ^^^^^^^^^^^^^^^^^^^^^^^^^^^^^^^^^^^^^^^^^^^^^^
  File "D:\My\Book\PyFolder\gb_django\venv\Lib\site-packages\django\db\models\query.py", line 1476, in filter
    return self._filter_or_exclude(False, args, kwargs)
           ^^^^^^^^^^^^^^^^^^^^^^^^^^^^^^^^^^^^^^^^^^^^
  File "D:\My\Book\PyFolder\gb_django\venv\Lib\site-packages\django\db\models\query.py", line 1494, in _filter_or_exclude
    clone._filter_or_exclude_inplace(negate, args, kwargs)
  File "D:\My\Book\PyFolder\gb_django\venv\Lib\site-packages\django\db\models\query.py", line 1501, in _filter_or_exclude_inplace
    self._query.add_q(Q(*args, **kwargs))
  File "D:\My\Book\PyFolder\gb_django\venv\Lib\site-packages\django\db\models\sql\query.py", line 1613, in add_q
    clause, _ = self._add_q(q_object, self.used_aliases)
                ^^^^^^^^^^^^^^^^^^^^^^^^^^^^^^^^^^^^^^^^
  File "D:\My\Book\PyFolder\gb_django\venv\Lib\site-packages\django\db\models\sql\query.py", line 1645, in _add_q
    child_clause, needed_inner = self.build_filter(
                                 ^^^^^^^^^^^^^^^^^^
  File "D:\My\Book\PyFolder\gb_django\venv\Lib\site-packages\django\db\models\sql\query.py", line 1472, in build_filter
    return self._add_q(
           ^^^^^^^^^^^^
  File "D:\My\Book\PyFolder\gb_django\venv\Lib\site-packages\django\db\models\sql\query.py", line 1645, in _add_q
    child_clause, needed_inner = self.build_filter(
                                 ^^^^^^^^^^^^^^^^^^
  File "D:\My\Book\PyFolder\gb_django\venv\Lib\site-packages\django\db\models\sql\query.py", line 1472, in build_filter
    return self._add_q(
           ^^^^^^^^^^^^
  File "D:\My\Book\PyFolder\gb_django\venv\Lib\site-packages\django\db\models\sql\query.py", line 1645, in _add_q
    child_clause, needed_inner = self.build_filter(
                                 ^^^^^^^^^^^^^^^^^^
  File "D:\My\Book\PyFolder\gb_django\venv\Lib\site-packages\django\db\models\sql\query.py", line 1559, in build_filter
    condition = self.build_lookup(lookups, col, value)
                ^^^^^^^^^^^^^^^^^^^^^^^^^^^^^^^^^^^^^^
  File "D:\My\Book\PyFolder\gb_django\venv\Lib\site-packages\django\db\models\sql\query.py", line 1383, in build_lookup
    lhs = self.try_transform(lhs, lookup_name)
          ^^^^^^^^^^^^^^^^^^^^^^^^^^^^^^^^^^^^
  File "D:\My\Book\PyFolder\gb_django\venv\Lib\site-packages\django\db\models\sql\query.py", line 1427, in try_transform
    raise FieldError(
django.core.exceptions.FieldError: Unsupported lookup 'icontains' for ForeignKey or join on the field not permitted.
ERROR 2024-07-05 14:37:02,391 basehttp 3672 12656 "GET /admin/marketapp/order/?q=%D0%B3%D1%8B HTTP/1.1" 500 200952
INFO 2024-07-05 14:37:04,374 basehttp 3672 12656 "GET /admin/marketapp/order/ HTTP/1.1" 200 19548
INFO 2024-07-05 14:37:28,953 autoreload 3672 11720 D:\My\Book\PyFolder\gb_django\myproject\marketapp\admin.py changed, reloading.
INFO 2024-07-05 14:37:29,812 autoreload 14604 7412 Watching for file changes with StatReloader
ERROR 2024-07-05 14:37:41,779 log 14604 9396 Internal Server Error: /admin/marketapp/order/
Traceback (most recent call last):
  File "D:\My\Book\PyFolder\gb_django\venv\Lib\site-packages\django\core\handlers\exception.py", line 55, in inner
    response = get_response(request)
               ^^^^^^^^^^^^^^^^^^^^^
  File "D:\My\Book\PyFolder\gb_django\venv\Lib\site-packages\django\core\handlers\base.py", line 197, in _get_response
    response = wrapped_callback(request, *callback_args, **callback_kwargs)
               ^^^^^^^^^^^^^^^^^^^^^^^^^^^^^^^^^^^^^^^^^^^^^^^^^^^^^^^^^^^^
  File "D:\My\Book\PyFolder\gb_django\venv\Lib\site-packages\django\contrib\admin\options.py", line 716, in wrapper
    return self.admin_site.admin_view(view)(*args, **kwargs)
           ^^^^^^^^^^^^^^^^^^^^^^^^^^^^^^^^^^^^^^^^^^^^^^^^^
  File "D:\My\Book\PyFolder\gb_django\venv\Lib\site-packages\django\utils\decorators.py", line 188, in _view_wrapper
    result = _process_exception(request, e)
             ^^^^^^^^^^^^^^^^^^^^^^^^^^^^^^
  File "D:\My\Book\PyFolder\gb_django\venv\Lib\site-packages\django\utils\decorators.py", line 186, in _view_wrapper
    response = view_func(request, *args, **kwargs)
               ^^^^^^^^^^^^^^^^^^^^^^^^^^^^^^^^^^^
  File "D:\My\Book\PyFolder\gb_django\venv\Lib\site-packages\django\views\decorators\cache.py", line 80, in _view_wrapper
    response = view_func(request, *args, **kwargs)
               ^^^^^^^^^^^^^^^^^^^^^^^^^^^^^^^^^^^
  File "D:\My\Book\PyFolder\gb_django\venv\Lib\site-packages\django\contrib\admin\sites.py", line 240, in inner
    return view(request, *args, **kwargs)
           ^^^^^^^^^^^^^^^^^^^^^^^^^^^^^^
  File "D:\My\Book\PyFolder\gb_django\venv\Lib\site-packages\django\utils\decorators.py", line 48, in _wrapper
    return bound_method(*args, **kwargs)
           ^^^^^^^^^^^^^^^^^^^^^^^^^^^^^
  File "D:\My\Book\PyFolder\gb_django\venv\Lib\site-packages\django\utils\decorators.py", line 188, in _view_wrapper
    result = _process_exception(request, e)
             ^^^^^^^^^^^^^^^^^^^^^^^^^^^^^^
  File "D:\My\Book\PyFolder\gb_django\venv\Lib\site-packages\django\utils\decorators.py", line 186, in _view_wrapper
    response = view_func(request, *args, **kwargs)
               ^^^^^^^^^^^^^^^^^^^^^^^^^^^^^^^^^^^
  File "D:\My\Book\PyFolder\gb_django\venv\Lib\site-packages\django\contrib\admin\options.py", line 1985, in changelist_view
    cl = self.get_changelist_instance(request)
         ^^^^^^^^^^^^^^^^^^^^^^^^^^^^^^^^^^^^^
  File "D:\My\Book\PyFolder\gb_django\venv\Lib\site-packages\django\contrib\admin\options.py", line 864, in get_changelist_instance
    return ChangeList(
           ^^^^^^^^^^^
  File "D:\My\Book\PyFolder\gb_django\venv\Lib\site-packages\django\contrib\admin\views\main.py", line 144, in __init__
    self.queryset = self.get_queryset(request)
                    ^^^^^^^^^^^^^^^^^^^^^^^^^^
  File "D:\My\Book\PyFolder\gb_django\venv\Lib\site-packages\django\contrib\admin\views\main.py", line 577, in get_queryset
    qs, search_may_have_duplicates = self.model_admin.get_search_results(
                                     ^^^^^^^^^^^^^^^^^^^^^^^^^^^^^^^^^^^^
  File "D:\My\Book\PyFolder\gb_django\venv\Lib\site-packages\django\contrib\admin\options.py", line 1187, in get_search_results
    queryset = queryset.filter(models.Q.create(term_queries))
               ^^^^^^^^^^^^^^^^^^^^^^^^^^^^^^^^^^^^^^^^^^^^^^
  File "D:\My\Book\PyFolder\gb_django\venv\Lib\site-packages\django\db\models\query.py", line 1476, in filter
    return self._filter_or_exclude(False, args, kwargs)
           ^^^^^^^^^^^^^^^^^^^^^^^^^^^^^^^^^^^^^^^^^^^^
  File "D:\My\Book\PyFolder\gb_django\venv\Lib\site-packages\django\db\models\query.py", line 1494, in _filter_or_exclude
    clone._filter_or_exclude_inplace(negate, args, kwargs)
  File "D:\My\Book\PyFolder\gb_django\venv\Lib\site-packages\django\db\models\query.py", line 1501, in _filter_or_exclude_inplace
    self._query.add_q(Q(*args, **kwargs))
  File "D:\My\Book\PyFolder\gb_django\venv\Lib\site-packages\django\db\models\sql\query.py", line 1613, in add_q
    clause, _ = self._add_q(q_object, self.used_aliases)
                ^^^^^^^^^^^^^^^^^^^^^^^^^^^^^^^^^^^^^^^^
  File "D:\My\Book\PyFolder\gb_django\venv\Lib\site-packages\django\db\models\sql\query.py", line 1645, in _add_q
    child_clause, needed_inner = self.build_filter(
                                 ^^^^^^^^^^^^^^^^^^
  File "D:\My\Book\PyFolder\gb_django\venv\Lib\site-packages\django\db\models\sql\query.py", line 1472, in build_filter
    return self._add_q(
           ^^^^^^^^^^^^
  File "D:\My\Book\PyFolder\gb_django\venv\Lib\site-packages\django\db\models\sql\query.py", line 1645, in _add_q
    child_clause, needed_inner = self.build_filter(
                                 ^^^^^^^^^^^^^^^^^^
  File "D:\My\Book\PyFolder\gb_django\venv\Lib\site-packages\django\db\models\sql\query.py", line 1472, in build_filter
    return self._add_q(
           ^^^^^^^^^^^^
  File "D:\My\Book\PyFolder\gb_django\venv\Lib\site-packages\django\db\models\sql\query.py", line 1645, in _add_q
    child_clause, needed_inner = self.build_filter(
                                 ^^^^^^^^^^^^^^^^^^
  File "D:\My\Book\PyFolder\gb_django\venv\Lib\site-packages\django\db\models\sql\query.py", line 1495, in build_filter
    lookups, parts, reffed_expression = self.solve_lookup_type(arg, summarize)
                                        ^^^^^^^^^^^^^^^^^^^^^^^^^^^^^^^^^^^^^^
  File "D:\My\Book\PyFolder\gb_django\venv\Lib\site-packages\django\db\models\sql\query.py", line 1307, in solve_lookup_type
    _, field, _, lookup_parts = self.names_to_path(lookup_splitted, self.get_meta())
                                ^^^^^^^^^^^^^^^^^^^^^^^^^^^^^^^^^^^^^^^^^^^^^^^^^^^^
  File "D:\My\Book\PyFolder\gb_django\venv\Lib\site-packages\django\db\models\sql\query.py", line 1772, in names_to_path
    raise FieldError(
django.core.exceptions.FieldError: Cannot resolve keyword 'user_id.name' into field. Choices are: date_add, id, item_id, item_id_id, price, user_id, user_id_id
ERROR 2024-07-05 14:37:41,807 basehttp 14604 9396 "GET /admin/marketapp/order/?q=us HTTP/1.1" 500 199152
INFO 2024-07-05 14:37:43,574 basehttp 14604 9396 "GET /admin/marketapp/order/ HTTP/1.1" 200 19548
INFO 2024-07-05 14:38:19,221 autoreload 14604 7412 D:\My\Book\PyFolder\gb_django\myproject\marketapp\admin.py changed, reloading.
INFO 2024-07-05 14:38:20,047 autoreload 7276 11128 Watching for file changes with StatReloader
INFO 2024-07-05 14:38:22,980 autoreload 7276 11128 D:\My\Book\PyFolder\gb_django\myproject\marketapp\admin.py changed, reloading.
INFO 2024-07-05 14:38:23,861 autoreload 1448 16128 Watching for file changes with StatReloader
INFO 2024-07-05 14:38:31,453 basehttp 1448 15812 "GET /admin/marketapp/order/ HTTP/1.1" 200 19074
INFO 2024-07-05 14:38:31,495 basehttp 1448 15812 "GET /admin/jsi18n/ HTTP/1.1" 200 17546
INFO 2024-07-05 14:43:05,704 autoreload 1448 16128 D:\My\Book\PyFolder\gb_django\myproject\marketapp\admin.py changed, reloading.
INFO 2024-07-05 14:43:06,820 autoreload 14320 15528 Watching for file changes with StatReloader
ERROR 2024-07-05 14:43:11,549 log 14320 16144 Internal Server Error: /admin/marketapp/order/14/change/
Traceback (most recent call last):
  File "D:\My\Book\PyFolder\gb_django\venv\Lib\site-packages\django\contrib\admin\options.py", line 837, in get_form
    return modelform_factory(self.model, **defaults)
           ^^^^^^^^^^^^^^^^^^^^^^^^^^^^^^^^^^^^^^^^^
  File "D:\My\Book\PyFolder\gb_django\venv\Lib\site-packages\django\forms\models.py", line 652, in modelform_factory
    return type(form)(class_name, (form,), form_class_attrs)
           ^^^^^^^^^^^^^^^^^^^^^^^^^^^^^^^^^^^^^^^^^^^^^^^^^
  File "D:\My\Book\PyFolder\gb_django\venv\Lib\site-packages\django\forms\models.py", line 332, in __new__
    raise FieldError(message)
django.core.exceptions.FieldError: Unknown field(s) (user_id.name) specified for Order

During handling of the above exception, another exception occurred:

Traceback (most recent call last):
  File "D:\My\Book\PyFolder\gb_django\venv\Lib\site-packages\django\core\handlers\exception.py", line 55, in inner
    response = get_response(request)
               ^^^^^^^^^^^^^^^^^^^^^
  File "D:\My\Book\PyFolder\gb_django\venv\Lib\site-packages\django\core\handlers\base.py", line 197, in _get_response
    response = wrapped_callback(request, *callback_args, **callback_kwargs)
               ^^^^^^^^^^^^^^^^^^^^^^^^^^^^^^^^^^^^^^^^^^^^^^^^^^^^^^^^^^^^
  File "D:\My\Book\PyFolder\gb_django\venv\Lib\site-packages\django\contrib\admin\options.py", line 716, in wrapper
    return self.admin_site.admin_view(view)(*args, **kwargs)
           ^^^^^^^^^^^^^^^^^^^^^^^^^^^^^^^^^^^^^^^^^^^^^^^^^
  File "D:\My\Book\PyFolder\gb_django\venv\Lib\site-packages\django\utils\decorators.py", line 188, in _view_wrapper
    result = _process_exception(request, e)
             ^^^^^^^^^^^^^^^^^^^^^^^^^^^^^^
  File "D:\My\Book\PyFolder\gb_django\venv\Lib\site-packages\django\utils\decorators.py", line 186, in _view_wrapper
    response = view_func(request, *args, **kwargs)
               ^^^^^^^^^^^^^^^^^^^^^^^^^^^^^^^^^^^
  File "D:\My\Book\PyFolder\gb_django\venv\Lib\site-packages\django\views\decorators\cache.py", line 80, in _view_wrapper
    response = view_func(request, *args, **kwargs)
               ^^^^^^^^^^^^^^^^^^^^^^^^^^^^^^^^^^^
  File "D:\My\Book\PyFolder\gb_django\venv\Lib\site-packages\django\contrib\admin\sites.py", line 240, in inner
    return view(request, *args, **kwargs)
           ^^^^^^^^^^^^^^^^^^^^^^^^^^^^^^
  File "D:\My\Book\PyFolder\gb_django\venv\Lib\site-packages\django\contrib\admin\options.py", line 1948, in change_view
    return self.changeform_view(request, object_id, form_url, extra_context)
           ^^^^^^^^^^^^^^^^^^^^^^^^^^^^^^^^^^^^^^^^^^^^^^^^^^^^^^^^^^^^^^^^^
  File "D:\My\Book\PyFolder\gb_django\venv\Lib\site-packages\django\utils\decorators.py", line 48, in _wrapper
    return bound_method(*args, **kwargs)
           ^^^^^^^^^^^^^^^^^^^^^^^^^^^^^
  File "D:\My\Book\PyFolder\gb_django\venv\Lib\site-packages\django\utils\decorators.py", line 188, in _view_wrapper
    result = _process_exception(request, e)
             ^^^^^^^^^^^^^^^^^^^^^^^^^^^^^^
  File "D:\My\Book\PyFolder\gb_django\venv\Lib\site-packages\django\utils\decorators.py", line 186, in _view_wrapper
    response = view_func(request, *args, **kwargs)
               ^^^^^^^^^^^^^^^^^^^^^^^^^^^^^^^^^^^
  File "D:\My\Book\PyFolder\gb_django\venv\Lib\site-packages\django\contrib\admin\options.py", line 1804, in changeform_view
    return self._changeform_view(request, object_id, form_url, extra_context)
           ^^^^^^^^^^^^^^^^^^^^^^^^^^^^^^^^^^^^^^^^^^^^^^^^^^^^^^^^^^^^^^^^^^
  File "D:\My\Book\PyFolder\gb_django\venv\Lib\site-packages\django\contrib\admin\options.py", line 1839, in _changeform_view
    ModelForm = self.get_form(
                ^^^^^^^^^^^^^^
  File "D:\My\Book\PyFolder\gb_django\venv\Lib\site-packages\django\contrib\admin\options.py", line 839, in get_form
    raise FieldError(
django.core.exceptions.FieldError: Unknown field(s) (user_id.name) specified for Order. Check fields/fieldsets/exclude attributes of class OrderAdmin.
ERROR 2024-07-05 14:43:11,574 basehttp 14320 16144 "GET /admin/marketapp/order/14/change/ HTTP/1.1" 500 145329
INFO 2024-07-05 14:43:13,402 basehttp 14320 16144 "GET /admin/marketapp/order/ HTTP/1.1" 200 19556
INFO 2024-07-05 14:43:15,992 basehttp 14320 16144 "GET /admin/marketapp/order/ HTTP/1.1" 200 19556
INFO 2024-07-05 14:43:16,051 basehttp 14320 16144 "GET /admin/jsi18n/ HTTP/1.1" 200 17546
ERROR 2024-07-05 14:43:23,651 log 14320 16144 Internal Server Error: /admin/marketapp/order/5/change/
Traceback (most recent call last):
  File "D:\My\Book\PyFolder\gb_django\venv\Lib\site-packages\django\contrib\admin\options.py", line 837, in get_form
    return modelform_factory(self.model, **defaults)
           ^^^^^^^^^^^^^^^^^^^^^^^^^^^^^^^^^^^^^^^^^
  File "D:\My\Book\PyFolder\gb_django\venv\Lib\site-packages\django\forms\models.py", line 652, in modelform_factory
    return type(form)(class_name, (form,), form_class_attrs)
           ^^^^^^^^^^^^^^^^^^^^^^^^^^^^^^^^^^^^^^^^^^^^^^^^^
  File "D:\My\Book\PyFolder\gb_django\venv\Lib\site-packages\django\forms\models.py", line 332, in __new__
    raise FieldError(message)
django.core.exceptions.FieldError: Unknown field(s) (user_id.name) specified for Order

During handling of the above exception, another exception occurred:

Traceback (most recent call last):
  File "D:\My\Book\PyFolder\gb_django\venv\Lib\site-packages\django\core\handlers\exception.py", line 55, in inner
    response = get_response(request)
               ^^^^^^^^^^^^^^^^^^^^^
  File "D:\My\Book\PyFolder\gb_django\venv\Lib\site-packages\django\core\handlers\base.py", line 197, in _get_response
    response = wrapped_callback(request, *callback_args, **callback_kwargs)
               ^^^^^^^^^^^^^^^^^^^^^^^^^^^^^^^^^^^^^^^^^^^^^^^^^^^^^^^^^^^^
  File "D:\My\Book\PyFolder\gb_django\venv\Lib\site-packages\django\contrib\admin\options.py", line 716, in wrapper
    return self.admin_site.admin_view(view)(*args, **kwargs)
           ^^^^^^^^^^^^^^^^^^^^^^^^^^^^^^^^^^^^^^^^^^^^^^^^^
  File "D:\My\Book\PyFolder\gb_django\venv\Lib\site-packages\django\utils\decorators.py", line 188, in _view_wrapper
    result = _process_exception(request, e)
             ^^^^^^^^^^^^^^^^^^^^^^^^^^^^^^
  File "D:\My\Book\PyFolder\gb_django\venv\Lib\site-packages\django\utils\decorators.py", line 186, in _view_wrapper
    response = view_func(request, *args, **kwargs)
               ^^^^^^^^^^^^^^^^^^^^^^^^^^^^^^^^^^^
  File "D:\My\Book\PyFolder\gb_django\venv\Lib\site-packages\django\views\decorators\cache.py", line 80, in _view_wrapper
    response = view_func(request, *args, **kwargs)
               ^^^^^^^^^^^^^^^^^^^^^^^^^^^^^^^^^^^
  File "D:\My\Book\PyFolder\gb_django\venv\Lib\site-packages\django\contrib\admin\sites.py", line 240, in inner
    return view(request, *args, **kwargs)
           ^^^^^^^^^^^^^^^^^^^^^^^^^^^^^^
  File "D:\My\Book\PyFolder\gb_django\venv\Lib\site-packages\django\contrib\admin\options.py", line 1948, in change_view
    return self.changeform_view(request, object_id, form_url, extra_context)
           ^^^^^^^^^^^^^^^^^^^^^^^^^^^^^^^^^^^^^^^^^^^^^^^^^^^^^^^^^^^^^^^^^
  File "D:\My\Book\PyFolder\gb_django\venv\Lib\site-packages\django\utils\decorators.py", line 48, in _wrapper
    return bound_method(*args, **kwargs)
           ^^^^^^^^^^^^^^^^^^^^^^^^^^^^^
  File "D:\My\Book\PyFolder\gb_django\venv\Lib\site-packages\django\utils\decorators.py", line 188, in _view_wrapper
    result = _process_exception(request, e)
             ^^^^^^^^^^^^^^^^^^^^^^^^^^^^^^
  File "D:\My\Book\PyFolder\gb_django\venv\Lib\site-packages\django\utils\decorators.py", line 186, in _view_wrapper
    response = view_func(request, *args, **kwargs)
               ^^^^^^^^^^^^^^^^^^^^^^^^^^^^^^^^^^^
  File "D:\My\Book\PyFolder\gb_django\venv\Lib\site-packages\django\contrib\admin\options.py", line 1804, in changeform_view
    return self._changeform_view(request, object_id, form_url, extra_context)
           ^^^^^^^^^^^^^^^^^^^^^^^^^^^^^^^^^^^^^^^^^^^^^^^^^^^^^^^^^^^^^^^^^^
  File "D:\My\Book\PyFolder\gb_django\venv\Lib\site-packages\django\contrib\admin\options.py", line 1839, in _changeform_view
    ModelForm = self.get_form(
                ^^^^^^^^^^^^^^
  File "D:\My\Book\PyFolder\gb_django\venv\Lib\site-packages\django\contrib\admin\options.py", line 839, in get_form
    raise FieldError(
django.core.exceptions.FieldError: Unknown field(s) (user_id.name) specified for Order. Check fields/fieldsets/exclude attributes of class OrderAdmin.
ERROR 2024-07-05 14:43:23,667 basehttp 14320 16144 "GET /admin/marketapp/order/5/change/ HTTP/1.1" 500 145289
INFO 2024-07-05 14:43:34,419 basehttp 14320 16144 "GET /admin/marketapp/order/ HTTP/1.1" 200 19556
INFO 2024-07-05 14:43:45,537 basehttp 14320 16144 "GET /admin/marketapp/item/ HTTP/1.1" 200 16408
INFO 2024-07-05 14:43:45,586 basehttp 14320 16144 "GET /admin/jsi18n/ HTTP/1.1" 200 17546
INFO 2024-07-05 14:43:47,056 basehttp 14320 16144 "GET /admin/marketapp/item/9/change/ HTTP/1.1" 200 12304
INFO 2024-07-05 14:43:47,106 basehttp 14320 16144 "GET /admin/jsi18n/ HTTP/1.1" 200 17546
INFO 2024-07-05 14:47:12,106 autoreload 14320 15528 D:\My\Book\PyFolder\gb_django\myproject\marketapp\admin.py changed, reloading.
INFO 2024-07-05 14:47:13,067 autoreload 8576 9960 Watching for file changes with StatReloader
INFO 2024-07-05 14:48:06,389 autoreload 8576 9960 D:\My\Book\PyFolder\gb_django\myproject\marketapp\admin.py changed, reloading.
INFO 2024-07-05 14:48:07,388 autoreload 13692 14596 Watching for file changes with StatReloader
INFO 2024-07-05 14:49:32,707 autoreload 13692 14596 D:\My\Book\PyFolder\gb_django\myproject\marketapp\admin.py changed, reloading.
INFO 2024-07-05 14:49:33,551 autoreload 10384 10816 Watching for file changes with StatReloader
INFO 2024-07-05 14:53:55,598 autoreload 10384 10816 D:\My\Book\PyFolder\gb_django\myproject\marketapp\admin.py changed, reloading.
INFO 2024-07-05 14:53:56,472 autoreload 14736 10936 Watching for file changes with StatReloader
INFO 2024-07-05 14:54:00,238 basehttp 14736 3888 "GET /admin/ HTTP/1.1" 200 7526
INFO 2024-07-05 14:54:02,367 basehttp 14736 3888 "GET /admin/marketapp/item/ HTTP/1.1" 200 16408
INFO 2024-07-05 14:54:02,430 basehttp 14736 3888 "GET /admin/jsi18n/ HTTP/1.1" 200 17546
ERROR 2024-07-05 14:54:04,234 log 14736 3888 Internal Server Error: /admin/marketapp/item/6/change/
Traceback (most recent call last):
  File "D:\My\Book\PyFolder\gb_django\venv\Lib\site-packages\django\contrib\admin\options.py", line 837, in get_form
    return modelform_factory(self.model, **defaults)
           ^^^^^^^^^^^^^^^^^^^^^^^^^^^^^^^^^^^^^^^^^
  File "D:\My\Book\PyFolder\gb_django\venv\Lib\site-packages\django\forms\models.py", line 652, in modelform_factory
    return type(form)(class_name, (form,), form_class_attrs)
           ^^^^^^^^^^^^^^^^^^^^^^^^^^^^^^^^^^^^^^^^^^^^^^^^^
  File "D:\My\Book\PyFolder\gb_django\venv\Lib\site-packages\django\forms\models.py", line 310, in __new__
    fields = fields_for_model(
             ^^^^^^^^^^^^^^^^^
  File "D:\My\Book\PyFolder\gb_django\venv\Lib\site-packages\django\forms\models.py", line 205, in fields_for_model
    raise FieldError(
django.core.exceptions.FieldError: 'date_add' cannot be specified for Item model form as it is a non-editable field

During handling of the above exception, another exception occurred:

Traceback (most recent call last):
  File "D:\My\Book\PyFolder\gb_django\venv\Lib\site-packages\django\core\handlers\exception.py", line 55, in inner
    response = get_response(request)
               ^^^^^^^^^^^^^^^^^^^^^
  File "D:\My\Book\PyFolder\gb_django\venv\Lib\site-packages\django\core\handlers\base.py", line 197, in _get_response
    response = wrapped_callback(request, *callback_args, **callback_kwargs)
               ^^^^^^^^^^^^^^^^^^^^^^^^^^^^^^^^^^^^^^^^^^^^^^^^^^^^^^^^^^^^
  File "D:\My\Book\PyFolder\gb_django\venv\Lib\site-packages\django\contrib\admin\options.py", line 716, in wrapper
    return self.admin_site.admin_view(view)(*args, **kwargs)
           ^^^^^^^^^^^^^^^^^^^^^^^^^^^^^^^^^^^^^^^^^^^^^^^^^
  File "D:\My\Book\PyFolder\gb_django\venv\Lib\site-packages\django\utils\decorators.py", line 188, in _view_wrapper
    result = _process_exception(request, e)
             ^^^^^^^^^^^^^^^^^^^^^^^^^^^^^^
  File "D:\My\Book\PyFolder\gb_django\venv\Lib\site-packages\django\utils\decorators.py", line 186, in _view_wrapper
    response = view_func(request, *args, **kwargs)
               ^^^^^^^^^^^^^^^^^^^^^^^^^^^^^^^^^^^
  File "D:\My\Book\PyFolder\gb_django\venv\Lib\site-packages\django\views\decorators\cache.py", line 80, in _view_wrapper
    response = view_func(request, *args, **kwargs)
               ^^^^^^^^^^^^^^^^^^^^^^^^^^^^^^^^^^^
  File "D:\My\Book\PyFolder\gb_django\venv\Lib\site-packages\django\contrib\admin\sites.py", line 240, in inner
    return view(request, *args, **kwargs)
           ^^^^^^^^^^^^^^^^^^^^^^^^^^^^^^
  File "D:\My\Book\PyFolder\gb_django\venv\Lib\site-packages\django\contrib\admin\options.py", line 1948, in change_view
    return self.changeform_view(request, object_id, form_url, extra_context)
           ^^^^^^^^^^^^^^^^^^^^^^^^^^^^^^^^^^^^^^^^^^^^^^^^^^^^^^^^^^^^^^^^^
  File "D:\My\Book\PyFolder\gb_django\venv\Lib\site-packages\django\utils\decorators.py", line 48, in _wrapper
    return bound_method(*args, **kwargs)
           ^^^^^^^^^^^^^^^^^^^^^^^^^^^^^
  File "D:\My\Book\PyFolder\gb_django\venv\Lib\site-packages\django\utils\decorators.py", line 188, in _view_wrapper
    result = _process_exception(request, e)
             ^^^^^^^^^^^^^^^^^^^^^^^^^^^^^^
  File "D:\My\Book\PyFolder\gb_django\venv\Lib\site-packages\django\utils\decorators.py", line 186, in _view_wrapper
    response = view_func(request, *args, **kwargs)
               ^^^^^^^^^^^^^^^^^^^^^^^^^^^^^^^^^^^
  File "D:\My\Book\PyFolder\gb_django\venv\Lib\site-packages\django\contrib\admin\options.py", line 1804, in changeform_view
    return self._changeform_view(request, object_id, form_url, extra_context)
           ^^^^^^^^^^^^^^^^^^^^^^^^^^^^^^^^^^^^^^^^^^^^^^^^^^^^^^^^^^^^^^^^^^
  File "D:\My\Book\PyFolder\gb_django\venv\Lib\site-packages\django\contrib\admin\options.py", line 1839, in _changeform_view
    ModelForm = self.get_form(
                ^^^^^^^^^^^^^^
  File "D:\My\Book\PyFolder\gb_django\venv\Lib\site-packages\django\contrib\admin\options.py", line 839, in get_form
    raise FieldError(
django.core.exceptions.FieldError: 'date_add' cannot be specified for Item model form as it is a non-editable field. Check fields/fieldsets/exclude attributes of class ItemAdmin.
ERROR 2024-07-05 14:54:04,255 basehttp 14736 3888 "GET /admin/marketapp/item/6/change/ HTTP/1.1" 500 152842
INFO 2024-07-05 14:55:00,231 autoreload 14736 10936 D:\My\Book\PyFolder\gb_django\myproject\marketapp\admin.py changed, reloading.
INFO 2024-07-05 14:55:01,099 autoreload 6876 9360 Watching for file changes with StatReloader
INFO 2024-07-05 14:55:04,446 basehttp 6876 13748 "GET /admin/marketapp/item/ HTTP/1.1" 200 16408
ERROR 2024-07-05 14:55:06,084 log 6876 13748 Internal Server Error: /admin/marketapp/item/3/change/
Traceback (most recent call last):
  File "D:\My\Book\PyFolder\gb_django\venv\Lib\site-packages\django\contrib\admin\options.py", line 837, in get_form
    return modelform_factory(self.model, **defaults)
           ^^^^^^^^^^^^^^^^^^^^^^^^^^^^^^^^^^^^^^^^^
  File "D:\My\Book\PyFolder\gb_django\venv\Lib\site-packages\django\forms\models.py", line 652, in modelform_factory
    return type(form)(class_name, (form,), form_class_attrs)
           ^^^^^^^^^^^^^^^^^^^^^^^^^^^^^^^^^^^^^^^^^^^^^^^^^
  File "D:\My\Book\PyFolder\gb_django\venv\Lib\site-packages\django\forms\models.py", line 310, in __new__
    fields = fields_for_model(
             ^^^^^^^^^^^^^^^^^
  File "D:\My\Book\PyFolder\gb_django\venv\Lib\site-packages\django\forms\models.py", line 205, in fields_for_model
    raise FieldError(
django.core.exceptions.FieldError: 'date_add' cannot be specified for Item model form as it is a non-editable field

During handling of the above exception, another exception occurred:

Traceback (most recent call last):
  File "D:\My\Book\PyFolder\gb_django\venv\Lib\site-packages\django\core\handlers\exception.py", line 55, in inner
    response = get_response(request)
               ^^^^^^^^^^^^^^^^^^^^^
  File "D:\My\Book\PyFolder\gb_django\venv\Lib\site-packages\django\core\handlers\base.py", line 197, in _get_response
    response = wrapped_callback(request, *callback_args, **callback_kwargs)
               ^^^^^^^^^^^^^^^^^^^^^^^^^^^^^^^^^^^^^^^^^^^^^^^^^^^^^^^^^^^^
  File "D:\My\Book\PyFolder\gb_django\venv\Lib\site-packages\django\contrib\admin\options.py", line 716, in wrapper
    return self.admin_site.admin_view(view)(*args, **kwargs)
           ^^^^^^^^^^^^^^^^^^^^^^^^^^^^^^^^^^^^^^^^^^^^^^^^^
  File "D:\My\Book\PyFolder\gb_django\venv\Lib\site-packages\django\utils\decorators.py", line 188, in _view_wrapper
    result = _process_exception(request, e)
             ^^^^^^^^^^^^^^^^^^^^^^^^^^^^^^
  File "D:\My\Book\PyFolder\gb_django\venv\Lib\site-packages\django\utils\decorators.py", line 186, in _view_wrapper
    response = view_func(request, *args, **kwargs)
               ^^^^^^^^^^^^^^^^^^^^^^^^^^^^^^^^^^^
  File "D:\My\Book\PyFolder\gb_django\venv\Lib\site-packages\django\views\decorators\cache.py", line 80, in _view_wrapper
    response = view_func(request, *args, **kwargs)
               ^^^^^^^^^^^^^^^^^^^^^^^^^^^^^^^^^^^
  File "D:\My\Book\PyFolder\gb_django\venv\Lib\site-packages\django\contrib\admin\sites.py", line 240, in inner
    return view(request, *args, **kwargs)
           ^^^^^^^^^^^^^^^^^^^^^^^^^^^^^^
  File "D:\My\Book\PyFolder\gb_django\venv\Lib\site-packages\django\contrib\admin\options.py", line 1948, in change_view
    return self.changeform_view(request, object_id, form_url, extra_context)
           ^^^^^^^^^^^^^^^^^^^^^^^^^^^^^^^^^^^^^^^^^^^^^^^^^^^^^^^^^^^^^^^^^
  File "D:\My\Book\PyFolder\gb_django\venv\Lib\site-packages\django\utils\decorators.py", line 48, in _wrapper
    return bound_method(*args, **kwargs)
           ^^^^^^^^^^^^^^^^^^^^^^^^^^^^^
  File "D:\My\Book\PyFolder\gb_django\venv\Lib\site-packages\django\utils\decorators.py", line 188, in _view_wrapper
    result = _process_exception(request, e)
             ^^^^^^^^^^^^^^^^^^^^^^^^^^^^^^
  File "D:\My\Book\PyFolder\gb_django\venv\Lib\site-packages\django\utils\decorators.py", line 186, in _view_wrapper
    response = view_func(request, *args, **kwargs)
               ^^^^^^^^^^^^^^^^^^^^^^^^^^^^^^^^^^^
  File "D:\My\Book\PyFolder\gb_django\venv\Lib\site-packages\django\contrib\admin\options.py", line 1804, in changeform_view
    return self._changeform_view(request, object_id, form_url, extra_context)
           ^^^^^^^^^^^^^^^^^^^^^^^^^^^^^^^^^^^^^^^^^^^^^^^^^^^^^^^^^^^^^^^^^^
  File "D:\My\Book\PyFolder\gb_django\venv\Lib\site-packages\django\contrib\admin\options.py", line 1839, in _changeform_view
    ModelForm = self.get_form(
                ^^^^^^^^^^^^^^
  File "D:\My\Book\PyFolder\gb_django\venv\Lib\site-packages\django\contrib\admin\options.py", line 839, in get_form
    raise FieldError(
django.core.exceptions.FieldError: 'date_add' cannot be specified for Item model form as it is a non-editable field. Check fields/fieldsets/exclude attributes of class ItemAdmin.
ERROR 2024-07-05 14:55:06,113 basehttp 6876 13748 "GET /admin/marketapp/item/3/change/ HTTP/1.1" 500 152842
INFO 2024-07-05 14:55:19,285 autoreload 6876 9360 D:\My\Book\PyFolder\gb_django\myproject\marketapp\admin.py changed, reloading.
INFO 2024-07-05 14:55:20,301 autoreload 3076 6584 Watching for file changes with StatReloader
INFO 2024-07-05 14:55:23,316 basehttp 3076 1020 "GET /admin/marketapp/item/ HTTP/1.1" 200 16408
INFO 2024-07-05 14:55:25,468 basehttp 3076 1020 "GET /admin/marketapp/item/ HTTP/1.1" 200 16408
INFO 2024-07-05 14:55:25,518 basehttp 3076 1020 "GET /admin/jsi18n/ HTTP/1.1" 200 17546
INFO 2024-07-05 14:55:26,809 basehttp 3076 1020 "GET /admin/marketapp/item/6/change/ HTTP/1.1" 200 13140
INFO 2024-07-05 14:55:26,869 basehttp 3076 4512 "GET /admin/jsi18n/ HTTP/1.1" 200 17546
INFO 2024-07-05 14:55:26,982 basehttp 3076 1020 "GET /static/admin/js/collapse.js HTTP/1.1" 200 1803
INFO 2024-07-05 14:56:14,638 basehttp 3076 1020 "GET /admin/marketapp/order/ HTTP/1.1" 200 19556
INFO 2024-07-05 14:56:14,683 basehttp 3076 1020 "GET /admin/jsi18n/ HTTP/1.1" 200 17546
INFO 2024-07-05 14:56:16,184 basehttp 3076 1020 "GET /admin/marketapp/order/9/change/ HTTP/1.1" 200 15732
INFO 2024-07-05 14:56:16,234 basehttp 3076 10936 "GET /admin/jsi18n/ HTTP/1.1" 200 17546
INFO 2024-07-05 14:56:16,246 basehttp 3076 4512 "GET /static/admin/js/admin/DateTimeShortcuts.js HTTP/1.1" 200 19319
INFO 2024-07-05 14:56:16,261 basehttp 3076 1020 "GET /static/admin/js/calendar.js HTTP/1.1" 200 9141
INFO 2024-07-05 14:56:16,348 basehttp 3076 1020 "GET /static/admin/img/icon-calendar.svg HTTP/1.1" 200 1086
INFO 2024-07-05 14:56:24,096 basehttp 3076 1020 "GET /admin/marketapp/item/ HTTP/1.1" 200 16408
INFO 2024-07-05 14:56:24,133 basehttp 3076 1020 "GET /admin/jsi18n/ HTTP/1.1" 200 17546
INFO 2024-07-05 14:56:25,490 basehttp 3076 1020 "GET /admin/marketapp/item/9/change/ HTTP/1.1" 200 13140
INFO 2024-07-05 14:56:25,526 basehttp 3076 1020 "GET /admin/jsi18n/ HTTP/1.1" 200 17546
INFO 2024-07-05 14:56:50,979 basehttp 3076 1020 "GET /admin/marketapp/order/ HTTP/1.1" 200 19556
INFO 2024-07-05 14:56:51,024 basehttp 3076 1020 "GET /admin/jsi18n/ HTTP/1.1" 200 17546
INFO 2024-07-05 14:56:52,466 basehttp 3076 1020 "GET /admin/marketapp/order/14/change/ HTTP/1.1" 200 15737
INFO 2024-07-05 14:56:52,506 basehttp 3076 1020 "GET /admin/jsi18n/ HTTP/1.1" 200 17546
INFO 2024-07-05 14:58:21,767 autoreload 3076 6584 D:\My\Book\PyFolder\gb_django\myproject\marketapp\admin.py changed, reloading.
INFO 2024-07-05 14:58:22,676 autoreload 8620 15972 Watching for file changes with StatReloader
INFO 2024-07-05 14:58:28,045 basehttp 8620 7856 "GET /admin/marketapp/order/ HTTP/1.1" 200 19556
INFO 2024-07-05 14:58:28,097 basehttp 8620 7856 "GET /admin/jsi18n/ HTTP/1.1" 200 17546
ERROR 2024-07-05 14:58:29,304 log 8620 7856 Internal Server Error: /admin/marketapp/order/14/change/
Traceback (most recent call last):
  File "D:\My\Book\PyFolder\gb_django\venv\Lib\site-packages\django\contrib\admin\options.py", line 837, in get_form
    return modelform_factory(self.model, **defaults)
           ^^^^^^^^^^^^^^^^^^^^^^^^^^^^^^^^^^^^^^^^^
  File "D:\My\Book\PyFolder\gb_django\venv\Lib\site-packages\django\forms\models.py", line 652, in modelform_factory
    return type(form)(class_name, (form,), form_class_attrs)
           ^^^^^^^^^^^^^^^^^^^^^^^^^^^^^^^^^^^^^^^^^^^^^^^^^
  File "D:\My\Book\PyFolder\gb_django\venv\Lib\site-packages\django\forms\models.py", line 332, in __new__
    raise FieldError(message)
django.core.exceptions.FieldError: Unknown field(s) (user_id.name, item_id.name) specified for Order

During handling of the above exception, another exception occurred:

Traceback (most recent call last):
  File "D:\My\Book\PyFolder\gb_django\venv\Lib\site-packages\django\core\handlers\exception.py", line 55, in inner
    response = get_response(request)
               ^^^^^^^^^^^^^^^^^^^^^
  File "D:\My\Book\PyFolder\gb_django\venv\Lib\site-packages\django\core\handlers\base.py", line 197, in _get_response
    response = wrapped_callback(request, *callback_args, **callback_kwargs)
               ^^^^^^^^^^^^^^^^^^^^^^^^^^^^^^^^^^^^^^^^^^^^^^^^^^^^^^^^^^^^
  File "D:\My\Book\PyFolder\gb_django\venv\Lib\site-packages\django\contrib\admin\options.py", line 716, in wrapper
    return self.admin_site.admin_view(view)(*args, **kwargs)
           ^^^^^^^^^^^^^^^^^^^^^^^^^^^^^^^^^^^^^^^^^^^^^^^^^
  File "D:\My\Book\PyFolder\gb_django\venv\Lib\site-packages\django\utils\decorators.py", line 188, in _view_wrapper
    result = _process_exception(request, e)
             ^^^^^^^^^^^^^^^^^^^^^^^^^^^^^^
  File "D:\My\Book\PyFolder\gb_django\venv\Lib\site-packages\django\utils\decorators.py", line 186, in _view_wrapper
    response = view_func(request, *args, **kwargs)
               ^^^^^^^^^^^^^^^^^^^^^^^^^^^^^^^^^^^
  File "D:\My\Book\PyFolder\gb_django\venv\Lib\site-packages\django\views\decorators\cache.py", line 80, in _view_wrapper
    response = view_func(request, *args, **kwargs)
               ^^^^^^^^^^^^^^^^^^^^^^^^^^^^^^^^^^^
  File "D:\My\Book\PyFolder\gb_django\venv\Lib\site-packages\django\contrib\admin\sites.py", line 240, in inner
    return view(request, *args, **kwargs)
           ^^^^^^^^^^^^^^^^^^^^^^^^^^^^^^
  File "D:\My\Book\PyFolder\gb_django\venv\Lib\site-packages\django\contrib\admin\options.py", line 1948, in change_view
    return self.changeform_view(request, object_id, form_url, extra_context)
           ^^^^^^^^^^^^^^^^^^^^^^^^^^^^^^^^^^^^^^^^^^^^^^^^^^^^^^^^^^^^^^^^^
  File "D:\My\Book\PyFolder\gb_django\venv\Lib\site-packages\django\utils\decorators.py", line 48, in _wrapper
    return bound_method(*args, **kwargs)
           ^^^^^^^^^^^^^^^^^^^^^^^^^^^^^
  File "D:\My\Book\PyFolder\gb_django\venv\Lib\site-packages\django\utils\decorators.py", line 188, in _view_wrapper
    result = _process_exception(request, e)
             ^^^^^^^^^^^^^^^^^^^^^^^^^^^^^^
  File "D:\My\Book\PyFolder\gb_django\venv\Lib\site-packages\django\utils\decorators.py", line 186, in _view_wrapper
    response = view_func(request, *args, **kwargs)
               ^^^^^^^^^^^^^^^^^^^^^^^^^^^^^^^^^^^
  File "D:\My\Book\PyFolder\gb_django\venv\Lib\site-packages\django\contrib\admin\options.py", line 1804, in changeform_view
    return self._changeform_view(request, object_id, form_url, extra_context)
           ^^^^^^^^^^^^^^^^^^^^^^^^^^^^^^^^^^^^^^^^^^^^^^^^^^^^^^^^^^^^^^^^^^
  File "D:\My\Book\PyFolder\gb_django\venv\Lib\site-packages\django\contrib\admin\options.py", line 1839, in _changeform_view
    ModelForm = self.get_form(
                ^^^^^^^^^^^^^^
  File "D:\My\Book\PyFolder\gb_django\venv\Lib\site-packages\django\contrib\admin\options.py", line 839, in get_form
    raise FieldError(
django.core.exceptions.FieldError: Unknown field(s) (user_id.name, item_id.name) specified for Order. Check fields/fieldsets/exclude attributes of class OrderAdmin.
ERROR 2024-07-05 14:58:29,324 basehttp 8620 7856 "GET /admin/marketapp/order/14/change/ HTTP/1.1" 500 145981
INFO 2024-07-05 14:59:01,125 autoreload 8620 15972 D:\My\Book\PyFolder\gb_django\myproject\marketapp\admin.py changed, reloading.
INFO 2024-07-05 14:59:02,029 autoreload 520 7152 Watching for file changes with StatReloader
INFO 2024-07-05 14:59:06,519 basehttp 520 13112 "GET /admin/marketapp/order/ HTTP/1.1" 200 19556
INFO 2024-07-05 14:59:08,262 basehttp 520 13112 "GET /admin/marketapp/order/2/change/ HTTP/1.1" 200 15732
INFO 2024-07-05 14:59:08,309 basehttp 520 13112 "GET /admin/jsi18n/ HTTP/1.1" 200 17546
INFO 2024-07-05 14:59:23,406 basehttp 520 13112 "GET /admin/marketapp/order/ HTTP/1.1" 200 19556
INFO 2024-07-05 14:59:23,451 basehttp 520 13112 "GET /admin/jsi18n/ HTTP/1.1" 200 17546
INFO 2024-07-05 14:59:58,436 autoreload 520 7152 D:\My\Book\PyFolder\gb_django\myproject\marketapp\admin.py changed, reloading.
INFO 2024-07-05 14:59:59,665 autoreload 10508 876 Watching for file changes with StatReloader
INFO 2024-07-05 15:00:04,293 basehttp 10508 5932 "GET /admin/marketapp/order/ HTTP/1.1" 200 20636
INFO 2024-07-05 15:00:04,330 basehttp 10508 5932 "GET /admin/jsi18n/ HTTP/1.1" 200 17546
INFO 2024-07-05 15:00:10,064 basehttp 10508 5932 "GET /admin/marketapp/order/?date_add__gte=2024-06-28&date_add__lt=2024-07-06 HTTP/1.1" 200 13281
INFO 2024-07-05 15:00:10,102 basehttp 10508 5932 "GET /admin/jsi18n/ HTTP/1.1" 200 17546
INFO 2024-07-05 15:00:11,621 basehttp 10508 5932 "GET /admin/marketapp/order/?date_add__gte=2024-07-01&date_add__lt=2024-08-01 HTTP/1.1" 200 10400
INFO 2024-07-05 15:00:11,667 basehttp 10508 5932 "GET /admin/jsi18n/ HTTP/1.1" 200 17546
INFO 2024-07-05 15:00:13,180 basehttp 10508 5932 "GET /admin/marketapp/order/?date_add__gte=2024-01-01&date_add__lt=2025-01-01 HTTP/1.1" 200 16563
INFO 2024-07-05 15:00:13,219 basehttp 10508 5932 "GET /admin/jsi18n/ HTTP/1.1" 200 17546
INFO 2024-07-05 15:01:11,437 basehttp 10508 5932 "GET /admin/auth/group/ HTTP/1.1" 200 8941
INFO 2024-07-05 15:01:11,493 basehttp 10508 5932 "GET /admin/jsi18n/ HTTP/1.1" 200 17546
INFO 2024-07-05 15:03:16,029 basehttp 10508 5932 "GET /admin/auth/group/add/ HTTP/1.1" 200 14028
INFO 2024-07-05 15:03:16,087 basehttp 10508 8480 "GET /admin/jsi18n/ HTTP/1.1" 200 17546
INFO 2024-07-05 15:03:16,219 basehttp 10508 5932 "GET /static/admin/js/SelectBox.js HTTP/1.1" 200 4530
INFO 2024-07-05 15:03:16,239 basehttp 10508 6500 "GET /static/admin/js/SelectFilter2.js HTTP/1.1" 200 15492
INFO 2024-07-05 15:03:16,301 basehttp 10508 6500 "GET /static/admin/img/icon-unknown.svg HTTP/1.1" 200 655
INFO 2024-07-05 15:03:16,305 basehttp 10508 8480 "GET /static/admin/img/icon-unknown-alt.svg HTTP/1.1" 200 655
INFO 2024-07-05 15:03:16,339 basehttp 10508 5932 "GET /static/admin/img/selector-icons.svg HTTP/1.1" 200 3291
INFO 2024-07-05 15:04:01,473 basehttp 10508 5932 "POST /admin/auth/group/add/ HTTP/1.1" 302 0
INFO 2024-07-05 15:04:01,507 basehttp 10508 5932 "GET /admin/auth/group/add/ HTTP/1.1" 200 14315
INFO 2024-07-05 15:04:01,564 basehttp 10508 5932 "GET /admin/jsi18n/ HTTP/1.1" 200 17546
INFO 2024-07-05 15:04:01,616 basehttp 10508 5932 "GET /static/admin/img/icon-yes.svg HTTP/1.1" 200 436
INFO 2024-07-05 15:04:44,372 basehttp 10508 5932 "POST /admin/auth/group/add/ HTTP/1.1" 302 0
INFO 2024-07-05 15:04:44,416 basehttp 10508 5932 "GET /admin/auth/group/ HTTP/1.1" 200 10986
INFO 2024-07-05 15:04:44,452 basehttp 10508 5932 "GET /admin/jsi18n/ HTTP/1.1" 200 17546
INFO 2024-07-05 15:04:48,545 basehttp 10508 5932 "GET /admin/auth/user/add/ HTTP/1.1" 200 12396
INFO 2024-07-05 15:04:48,592 basehttp 10508 5932 "GET /admin/jsi18n/ HTTP/1.1" 200 17546
INFO 2024-07-05 15:06:36,657 basehttp 10508 5932 "POST /admin/auth/user/add/ HTTP/1.1" 302 0
INFO 2024-07-05 15:06:36,754 basehttp 10508 5932 "GET /admin/auth/user/2/change/ HTTP/1.1" 200 25008
INFO 2024-07-05 15:06:36,803 basehttp 10508 5932 "GET /admin/jsi18n/ HTTP/1.1" 200 17546
INFO 2024-07-05 15:06:36,913 basehttp 10508 5932 "GET /static/admin/img/icon-clock.svg HTTP/1.1" 200 677
INFO 2024-07-05 15:07:21,086 basehttp 10508 5932 "POST /admin/auth/user/2/change/ HTTP/1.1" 302 0
INFO 2024-07-05 15:07:21,137 basehttp 10508 5932 "GET /admin/auth/user/ HTTP/1.1" 200 14219
INFO 2024-07-05 15:07:21,183 basehttp 10508 5932 "GET /admin/jsi18n/ HTTP/1.1" 200 17546
INFO 2024-07-05 15:07:23,522 basehttp 10508 5932 "GET /admin/auth/user/2/change/ HTTP/1.1" 200 24774
INFO 2024-07-05 15:07:23,565 basehttp 10508 5932 "GET /admin/jsi18n/ HTTP/1.1" 200 17546
INFO 2024-07-05 15:07:36,773 basehttp 10508 5932 "GET /admin/marketapp/order/ HTTP/1.1" 200 20636
INFO 2024-07-05 15:07:36,822 basehttp 10508 5932 "GET /admin/jsi18n/ HTTP/1.1" 200 17546
